<?xml version="1.0" encoding="UTF-8"?>
<!-- Generated by org.testng.reporters.JUnitReportReporter -->
<testsuite hostname="DESKTOP-VQU9I2J" failures="0" tests="1" name="TestCases.TC002_Login" time="6.226" errors="0" timestamp="2024-04-03T06:00:18 IST" skipped="0">
  <testcase classname="TestCases.TC002_Login" name="test_login" time="6.226"/>
</testsuite> <!-- TestCases.TC002_Login -->
