<?xml version="1.0" encoding="UTF-8"?>
<!-- Generated by org.testng.reporters.JUnitReportReporter -->
<testsuite hostname="DESKTOP-VQU9I2J" failures="0" tests="1" name="TestCases.TC001_AccountRegistration" time="7.084" errors="0" timestamp="2024-04-03T06:00:18 IST" skipped="0">
  <testcase classname="TestCases.TC001_AccountRegistration" name="test_Account_Registration" time="7.084"/>
</testsuite> <!-- TestCases.TC001_AccountRegistration -->
